<?xml version="1.0" encoding="UTF-8"?>
<testng-results ignored="0" total="1" passed="1" failed="0" skipped="0">
  <reporter-output>
  </reporter-output>
  <suite started-at="2024-07-30T12:57:28 IST" name="Default suite" finished-at="2024-07-30T12:57:58 IST" duration-ms="29374">
    <groups>
    </groups>
    <test started-at="2024-07-30T12:57:28 IST" name="Default test" finished-at="2024-07-30T12:57:58 IST" duration-ms="29374">
      <class name="Project1.TSC12_WomenDropDown_SelectJackets">
        <test-method is-config="true" signature="login()[pri:0, instance:Project1.TSC12_WomenDropDown_SelectJackets@2fb3536e]" started-at="2024-07-30T12:57:28 IST" name="login" finished-at="2024-07-30T12:57:42 IST" duration-ms="13428" status="PASS">
          <reporter-output>
          </reporter-output>
        </test-method> <!-- login -->
        <test-method signature="womenDropDown()[pri:0, instance:Project1.TSC12_WomenDropDown_SelectJackets@2fb3536e]" started-at="2024-07-30T12:57:42 IST" name="womenDropDown" finished-at="2024-07-30T12:57:54 IST" duration-ms="12341" status="PASS">
          <reporter-output>
          </reporter-output>
        </test-method> <!-- womenDropDown -->
        <test-method is-config="true" signature="logOut()[pri:0, instance:Project1.TSC12_WomenDropDown_SelectJackets@2fb3536e]" started-at="2024-07-30T12:57:54 IST" name="logOut" finished-at="2024-07-30T12:57:58 IST" duration-ms="3548" status="PASS">
          <reporter-output>
          </reporter-output>
        </test-method> <!-- logOut -->
      </class> <!-- Project1.TSC12_WomenDropDown_SelectJackets -->
    </test> <!-- Default test -->
  </suite> <!-- Default suite -->
</testng-results>
