<?xml version="1.0" encoding="UTF-8"?>
<testng-results ignored="0" total="1" passed="1" failed="0" skipped="0">
  <reporter-output>
  </reporter-output>
  <suite started-at="2024-07-26T12:05:00 IST" name="Default suite" finished-at="2024-07-26T12:05:32 IST" duration-ms="31300">
    <groups>
    </groups>
    <test started-at="2024-07-26T12:05:00 IST" name="Default test" finished-at="2024-07-26T12:05:32 IST" duration-ms="31300">
      <class name="Project1.TSR24_Change_Password">
        <test-method is-config="true" signature="login()[pri:0, instance:Project1.TSR24_Change_Password@169e6180]" started-at="2024-07-26T12:05:01 IST" name="login" finished-at="2024-07-26T12:05:15 IST" duration-ms="14059" status="PASS">
          <reporter-output>
          </reporter-output>
        </test-method> <!-- login -->
        <test-method signature="changePassword()[pri:0, instance:Project1.TSR24_Change_Password@169e6180]" started-at="2024-07-26T12:05:15 IST" name="changePassword" finished-at="2024-07-26T12:05:32 IST" duration-ms="17014" status="PASS">
          <reporter-output>
          </reporter-output>
        </test-method> <!-- changePassword -->
        <test-method is-config="true" signature="logOut()[pri:0, instance:Project1.TSR24_Change_Password@169e6180]" started-at="2024-07-26T12:05:32 IST" name="logOut" finished-at="2024-07-26T12:05:32 IST" duration-ms="177" status="PASS">
          <reporter-output>
          </reporter-output>
        </test-method> <!-- logOut -->
      </class> <!-- Project1.TSR24_Change_Password -->
    </test> <!-- Default test -->
  </suite> <!-- Default suite -->
</testng-results>
